camp/Library/Bee/Android/Prj/IL2CPP/Gradle/launcher/build/intermediates/manifest_merge_blame_file/release/processReleaseMainManifest/manifest-merger-blame-release-report.txt
1<?xml version="1.0" encoding="utf-8"?>
2<manifest xmlns:android="http://schemas.android.com/apk/res/android"
3    package="camp.com"
4    android:installLocation="preferExternal"
5    android:versionCode="1"
6    android:versionName="0.1" >
7
8    <uses-sdk
9        android:minSdkVersion="24"
10        android:targetSdkVersion="35" />
11
12    <supports-screens
12-->src/main/AndroidManifest.xml:4:3-163
13        android:anyDensity="true"
13-->src/main/AndroidManifest.xml:4:135-160
14        android:largeScreens="true"
14-->src/main/AndroidManifest.xml:4:78-105
15        android:normalScreens="true"
15-->src/main/AndroidManifest.xml:4:49-77
16        android:smallScreens="true"
16-->src/main/AndroidManifest.xml:4:21-48
17        android:xlargeScreens="true" />
17-->src/main/AndroidManifest.xml:4:106-134
18
19    <uses-permission android:name="android.permission.INTERNET" />
19-->[:unityLibrary] AndroidManifest.xml:9:5-67
19-->[:unityLibrary] AndroidManifest.xml:9:22-64
20
21    <uses-feature android:glEsVersion="0x00030000" />
21-->[:unityLibrary] AndroidManifest.xml:11:5-54
21-->[:unityLibrary] AndroidManifest.xml:11:19-51
22    <uses-feature
22-->[:unityLibrary] AndroidManifest.xml:12:5-14:36
23        android:name="android.hardware.vulkan.version"
23-->[:unityLibrary] AndroidManifest.xml:13:9-55
24        android:required="false" />
24-->[:unityLibrary] AndroidManifest.xml:14:9-33
25    <uses-feature
25-->[:unityLibrary] AndroidManifest.xml:15:5-17:36
26        android:name="android.hardware.touchscreen"
26-->[:unityLibrary] AndroidManifest.xml:16:9-52
27        android:required="false" />
27-->[:unityLibrary] AndroidManifest.xml:17:9-33
28    <uses-feature
28-->[:unityLibrary] AndroidManifest.xml:18:5-20:36
29        android:name="android.hardware.touchscreen.multitouch"
29-->[:unityLibrary] AndroidManifest.xml:19:9-63
30        android:required="false" />
30-->[:unityLibrary] AndroidManifest.xml:20:9-33
31    <uses-feature
31-->[:unityLibrary] AndroidManifest.xml:21:5-23:36
32        android:name="android.hardware.touchscreen.multitouch.distinct"
32-->[:unityLibrary] AndroidManifest.xml:22:9-72
33        android:required="false" />
33-->[:unityLibrary] AndroidManifest.xml:23:9-33
34    <uses-feature
34-->[:unityLibrary] AndroidManifest.xml:24:5-27:31
35        android:name="android.hardware.vr.headtracking"
35-->[:unityLibrary] AndroidManifest.xml:25:9-56
36        android:required="true"
36-->[:unityLibrary] AndroidManifest.xml:26:9-32
37        android:version="1" />
37-->[:unityLibrary] AndroidManifest.xml:27:9-28
38
39    <permission
39-->[androidx.core:core:1.9.0] AndroidManifest.xml:22:5-24:47
40        android:name="camp.com.DYNAMIC_RECEIVER_NOT_EXPORTED_PERMISSION"
40-->[androidx.core:core:1.9.0] AndroidManifest.xml:23:9-81
41        android:protectionLevel="signature" />
41-->[androidx.core:core:1.9.0] AndroidManifest.xml:24:9-44
42
43    <uses-permission android:name="camp.com.DYNAMIC_RECEIVER_NOT_EXPORTED_PERMISSION" />
43-->[androidx.core:core:1.9.0] AndroidManifest.xml:26:5-97
43-->[androidx.core:core:1.9.0] AndroidManifest.xml:26:22-94
44
45    <application
45-->src/main/AndroidManifest.xml:3:3-83
46        android:appComponentFactory="androidx.core.app.CoreComponentFactory"
46-->[androidx.core:core:1.9.0] AndroidManifest.xml:28:18-86
47        android:enableOnBackInvokedCallback="false"
47-->[:unityLibrary] AndroidManifest.xml:30:9-52
48        android:extractNativeLibs="true"
49        android:icon="@mipmap/app_icon"
49-->src/main/AndroidManifest.xml:3:16-47
50        android:label="@string/app_name" >
50-->src/main/AndroidManifest.xml:3:48-80
51        <meta-data
51-->[:unityLibrary] AndroidManifest.xml:32:9-34:33
52            android:name="unity.splash-mode"
52-->[:unityLibrary] AndroidManifest.xml:33:13-45
53            android:value="0" />
53-->[:unityLibrary] AndroidManifest.xml:34:13-30
54        <meta-data
54-->[:unityLibrary] AndroidManifest.xml:35:9-37:36
55            android:name="unity.splash-enable"
55-->[:unityLibrary] AndroidManifest.xml:36:13-47
56            android:value="True" />
56-->[:unityLibrary] AndroidManifest.xml:37:13-33
57        <meta-data
57-->[:unityLibrary] AndroidManifest.xml:38:9-40:36
58            android:name="unity.launch-fullscreen"
58-->[:unityLibrary] AndroidManifest.xml:39:13-51
59            android:value="True" />
59-->[:unityLibrary] AndroidManifest.xml:40:13-33
60        <meta-data
60-->[:unityLibrary] AndroidManifest.xml:41:9-43:36
61            android:name="unity.render-outside-safearea"
61-->[:unityLibrary] AndroidManifest.xml:42:13-57
62            android:value="True" />
62-->[:unityLibrary] AndroidManifest.xml:43:13-33
63        <meta-data
63-->[:unityLibrary] AndroidManifest.xml:44:9-46:50
64            android:name="notch.config"
64-->[:unityLibrary] AndroidManifest.xml:45:13-40
65            android:value="portrait|landscape" />
65-->[:unityLibrary] AndroidManifest.xml:46:13-47
66        <meta-data
66-->[:unityLibrary] AndroidManifest.xml:47:9-49:36
67            android:name="unity.auto-report-fully-drawn"
67-->[:unityLibrary] AndroidManifest.xml:48:13-57
68            android:value="true" />
68-->[:unityLibrary] AndroidManifest.xml:49:13-33
69        <meta-data
69-->[:unityLibrary] AndroidManifest.xml:50:9-52:36
70            android:name="unity.auto-set-game-state"
70-->[:unityLibrary] AndroidManifest.xml:51:13-53
71            android:value="true" />
71-->[:unityLibrary] AndroidManifest.xml:52:13-33
72        <meta-data
72-->[:unityLibrary] AndroidManifest.xml:53:9-55:36
73            android:name="unity.strip-engine-code"
73-->[:unityLibrary] AndroidManifest.xml:54:13-51
74            android:value="true" />
74-->[:unityLibrary] AndroidManifest.xml:55:13-33
75
76        <activity
76-->[:unityLibrary] AndroidManifest.xml:57:9-93:20
77            android:name="com.unity3d.player.UnityPlayerGameActivity"
77-->[:unityLibrary] AndroidManifest.xml:58:13-70
78            android:configChanges="keyboard|keyboardHidden|navigation|orientation|screenLayout|screenSize|uiMode|density"
78-->[:unityLibrary] AndroidManifest.xml:59:13-122
79            android:enabled="true"
79-->[:unityLibrary] AndroidManifest.xml:60:13-35
80            android:exported="true"
80-->[:unityLibrary] AndroidManifest.xml:61:13-36
81            android:hardwareAccelerated="false"
81-->[:unityLibrary] AndroidManifest.xml:62:13-48
82            android:launchMode="singleTask"
82-->[:unityLibrary] AndroidManifest.xml:63:13-44
83            android:resizeableActivity="false"
83-->[:unityLibrary] AndroidManifest.xml:64:13-47
84            android:screenOrientation="landscape"
84-->[:unityLibrary] AndroidManifest.xml:65:13-50
85            android:theme="@style/BaseUnityGameActivityTheme" >
85-->[:unityLibrary] AndroidManifest.xml:66:13-62
86            <intent-filter>
86-->[:unityLibrary] AndroidManifest.xml:67:13-73:29
87                <category android:name="android.intent.category.LAUNCHER" />
87-->[:unityLibrary] AndroidManifest.xml:68:17-77
87-->[:unityLibrary] AndroidManifest.xml:68:27-74
88
89                <action android:name="android.intent.action.MAIN" />
89-->[:unityLibrary] AndroidManifest.xml:70:17-69
89-->[:unityLibrary] AndroidManifest.xml:70:25-66
90
91                <category android:name="com.oculus.intent.category.VR" />
91-->[:unityLibrary] AndroidManifest.xml:72:17-74
91-->[:unityLibrary] AndroidManifest.xml:72:27-71
92            </intent-filter>
93
94            <meta-data
94-->[:unityLibrary] AndroidManifest.xml:75:13-77:40
95                android:name="unityplayer.UnityActivity"
95-->[:unityLibrary] AndroidManifest.xml:76:17-57
96                android:value="true" />
96-->[:unityLibrary] AndroidManifest.xml:77:17-37
97            <meta-data
97-->[:unityLibrary] AndroidManifest.xml:78:13-80:40
98                android:name="android.app.lib_name"
98-->[:unityLibrary] AndroidManifest.xml:79:17-52
99                android:value="game" />
99-->[:unityLibrary] AndroidManifest.xml:80:17-37
100            <meta-data
100-->[:unityLibrary] AndroidManifest.xml:81:13-83:71
101                android:name="WindowManagerPreference:FreeformWindowSize"
101-->[:unityLibrary] AndroidManifest.xml:82:17-74
102                android:value="@string/FreeformWindowSize_maximize" />
102-->[:unityLibrary] AndroidManifest.xml:83:17-68
103            <meta-data
103-->[:unityLibrary] AndroidManifest.xml:84:13-86:79
104                android:name="WindowManagerPreference:FreeformWindowOrientation"
104-->[:unityLibrary] AndroidManifest.xml:85:17-81
105                android:value="@string/FreeformWindowOrientation_landscape" />
105-->[:unityLibrary] AndroidManifest.xml:86:17-76
106            <meta-data
106-->[:unityLibrary] AndroidManifest.xml:87:13-89:40
107                android:name="notch_support"
107-->[:unityLibrary] AndroidManifest.xml:88:17-45
108                android:value="true" />
108-->[:unityLibrary] AndroidManifest.xml:89:17-37
109            <meta-data
109-->[:unityLibrary] AndroidManifest.xml:90:13-92:40
110                android:name="com.oculus.vr.focusaware"
110-->[:unityLibrary] AndroidManifest.xml:91:17-56
111                android:value="true" />
111-->[:unityLibrary] AndroidManifest.xml:92:17-37
112        </activity>
113
114        <meta-data
114-->[:unityLibrary] AndroidManifest.xml:95:9-97:39
115            android:name="com.samsung.android.vr.application.mode"
115-->[:unityLibrary] AndroidManifest.xml:96:13-67
116            android:value="vr_only" />
116-->[:unityLibrary] AndroidManifest.xml:97:13-36
117        <meta-data
117-->[:unityLibrary] AndroidManifest.xml:98:9-100:37
118            android:name="com.unity.xr.oculus.LowOverheadMode"
118-->[:unityLibrary] AndroidManifest.xml:99:13-63
119            android:value="false" />
119-->[:unityLibrary] AndroidManifest.xml:100:13-34
120        <meta-data
120-->[:unityLibrary] AndroidManifest.xml:101:9-103:37
121            android:name="com.unity.xr.oculus.LateLatching"
121-->[:unityLibrary] AndroidManifest.xml:102:13-60
122            android:value="false" />
122-->[:unityLibrary] AndroidManifest.xml:103:13-34
123        <meta-data
123-->[:unityLibrary] AndroidManifest.xml:104:9-106:37
124            android:name="com.unity.xr.oculus.LateLatchingDebug"
124-->[:unityLibrary] AndroidManifest.xml:105:13-65
125            android:value="false" />
125-->[:unityLibrary] AndroidManifest.xml:106:13-34
126        <meta-data
126-->[:unityLibrary] AndroidManifest.xml:107:9-109:38
127            android:name="com.oculus.supportedDevices"
127-->[:unityLibrary] AndroidManifest.xml:108:13-55
128            android:value="quest2" />
128-->[:unityLibrary] AndroidManifest.xml:109:13-35
129
130        <provider
130-->[androidx.emoji2:emoji2:1.2.0] AndroidManifest.xml:24:9-32:20
131            android:name="androidx.startup.InitializationProvider"
131-->[androidx.emoji2:emoji2:1.2.0] AndroidManifest.xml:25:13-67
132            android:authorities="camp.com.androidx-startup"
132-->[androidx.emoji2:emoji2:1.2.0] AndroidManifest.xml:26:13-68
133            android:exported="false" >
133-->[androidx.emoji2:emoji2:1.2.0] AndroidManifest.xml:27:13-37
134            <meta-data
134-->[androidx.emoji2:emoji2:1.2.0] AndroidManifest.xml:29:13-31:52
135                android:name="androidx.emoji2.text.EmojiCompatInitializer"
135-->[androidx.emoji2:emoji2:1.2.0] AndroidManifest.xml:30:17-75
136                android:value="androidx.startup" />
136-->[androidx.emoji2:emoji2:1.2.0] AndroidManifest.xml:31:17-49
137            <meta-data
137-->[androidx.lifecycle:lifecycle-process:2.4.1] AndroidManifest.xml:31:13-33:52
138                android:name="androidx.lifecycle.ProcessLifecycleInitializer"
138-->[androidx.lifecycle:lifecycle-process:2.4.1] AndroidManifest.xml:32:17-78
139                android:value="androidx.startup" />
139-->[androidx.lifecycle:lifecycle-process:2.4.1] AndroidManifest.xml:33:17-49
140        </provider>
141    </application>
142
143</manifest>